<?xml version="1.0" encoding="UTF-8"?>
<testng-results skipped="0" failed="0" total="2" passed="2">
  <reporter-output>
  </reporter-output>
  <suite name="Default Suite" duration-ms="26977" started-at="2018-03-12T02:37:55Z" finished-at="2018-03-12T02:38:22Z">
    <groups>
    </groups>
    <test name="SeleniumJenkinsTest" duration-ms="26977" started-at="2018-03-12T02:37:55Z" finished-at="2018-03-12T02:38:22Z">
      <class name="com.demo.comTest.UserDefinedTest">
        <test-method status="PASS" signature="first()[pri:0, instance:com.demo.comTest.UserDefinedTest@22f71333]" name="first" duration-ms="22001" started-at="2018-03-11T22:37:55Z" finished-at="2018-03-11T22:38:17Z">
          <reporter-output>
          </reporter-output>
        </test-method> <!-- first -->
        <test-method status="PASS" signature="second()[pri:0, instance:com.demo.comTest.UserDefinedTest@22f71333]" name="second" duration-ms="4972" started-at="2018-03-11T22:38:17Z" finished-at="2018-03-11T22:38:22Z">
          <reporter-output>
          </reporter-output>
        </test-method> <!-- second -->
      </class> <!-- com.demo.comTest.UserDefinedTest -->
    </test> <!-- SeleniumJenkinsTest -->
  </suite> <!-- Default Suite -->
</testng-results>
